
### РљР°Рє РЅР°СЃС‚СЂРѕРёС‚СЊ РєРѕРѕСЂРґРёРЅР°С‚С‹ РєРЅРѕРїРѕРє

Р§С‚РѕР±С‹ СЃРєСЂРёРїС‚ РїСЂР°РІРёР»СЊРЅРѕ РЅР°Р¶РёРјР°Р» РЅР° РєРЅРѕРїРєРё, РЅРµРѕР±С…РѕРґРёРјРѕ РїСЂРµРґРІР°СЂРёС‚РµР»СЊРЅРѕ СѓР·РЅР°С‚СЊ РєРѕРѕСЂРґРёРЅР°С‚С‹ РєРЅРѕРїРѕРє РЅР° СЌРєСЂР°РЅРµ. Р”Р»СЏ СЌС‚РѕРіРѕ РјРѕР¶РЅРѕ РёСЃРїРѕР»СЊР·РѕРІР°С‚СЊ Р±РёР±Р»РёРѕС‚РµРєСѓ `pyautogui`:

RED_BUTTON_POS = (594, 760)   # Примерные координаты красной кнопки
GREEN_BUTTON_POS = (1009, 771) # Примерные координаты зеленой кнопки
PERCENT_POS = (415, 166, 1221, 291)  # Примерный регион экрана с процентами

                red_area_coords = (415, 196, 725, 265)  # Область красного процента
                green_area_coords = (906, 202, 1233, 269)  # Область зеленого процента

                791, 209, 843, 242 координаты таймера

                click_button(594, 760)  # Пример координат для красной кнопки
                click_button(1009, 771)  # Пример координат для зеленой кнопки


```python
import pyautogui
print(pyautogui.position())
2024-09-22 19:11:14,815 - Начало нового раунда
2024-09-22 19:11:20,912 - Ошибка при анализе изображения: tesseract is not installed or it's not in your PATH. See README file for more information.
2024-09-22 19:11:20,912 - Никакая кнопка не нажата. Красный: 0%, Зеленый: 0%
2024-09-22 19:12:11,006 - Начало нового раунда
2024-09-22 19:12:20,264 - Ошибка при анализе изображения: tesseract is not installed or it's not in your PATH. See README file for more information.
2024-09-22 19:12:20,264 - Никакая кнопка не нажата. Красный: 0%, Зеленый: 0%
2024-09-22 19:13:10,278 - Начало нового раунда
2024-09-22 19:13:16,405 - Ошибка при анализе изображения: tesseract is not installed or it's not in your PATH. See README file for more information.
2024-09-22 19:13:16,405 - Никакая кнопка не нажата. Красный: 0%, Зеленый: 0%
2024-09-22 19:17:13,855 - Начало нового раунда
2024-09-22 19:17:20,839 - Никакая кнопка не нажата. Красный: 0%, Зеленый: 0%
2024-09-22 19:34:50,928 - Начало нового раунда
2024-09-22 19:34:57,510 - Нажата красная кнопка при 7100%
2024-09-22 19:35:47,609 - Начало нового раунда
2024-09-22 19:35:53,998 - Никакая кнопка не нажата. Красный: 100%, Зеленый: 0%
2024-09-22 19:36:44,071 - Начало нового раунда
2024-09-22 19:36:50,350 - Никакая кнопка не нажата. Красный: 100%, Зеленый: 0%
2024-09-22 19:37:40,397 - Начало нового раунда
2024-09-22 19:37:46,668 - Никакая кнопка не нажата. Красный: 100%, Зеленый: 0%
2024-09-22 19:38:36,774 - Начало нового раунда
2024-09-22 19:38:43,071 - Никакая кнопка не нажата. Красный: 100%, Зеленый: 0%
